Parameters:
 - grid spacing (dx, dy): 2.5 m, 5 m
 - time step (dt): 0.05 s
 - maximum time (max_t): 600 s
 - gravitational acceleration (g): 9.81 m/s^2
 - dissipation coefficient (gamma): 2e-05 1/s
 - source type: 1
 - sampling rate: 0
 - input bathymetry (h) file: 'example_inputs/simple/h_simple.dat'
 - output elevation (eta) file: 'example_inputs/simple/output/eta_simple'
 - output velocity (u, v) files: 'example_inputs/simple/output/u_simple', 'example_inputs/simple/output/v_simple'
 - 1600x800 divided into 2x1 subdomains; grid size of rank 0: 2000 m x 4000 m (800 x 800 = 640000 grid points)
 - number of time steps: 12000
Computing step 1200/12000 (ETA: 14.4367 seconds)
Computing step 2400/12000 (ETA: 12.8333 seconds)
Computing step 3600/12000 (ETA: 11.2086 seconds)
Computing step 4800/12000 (ETA: 9.58233 seconds)
Computing step 6000/12000 (ETA: 7.97423 seconds)
Computing step 7200/12000 (ETA: 6.37288 seconds)
Computing step 8400/12000 (ETA: 4.77568 seconds)
Computing step 9600/12000 (ETA: 3.18187 seconds)
Computing step 10800/12000 (ETA: 1.59021 seconds)
Error: Could not open output VTK manifest file 'example_inputs/simple/output/eta_simple.pvd'
Done: 15.899 seconds (484.256 MUpdates/s)
