The following modules were not unloaded:
  (Use "module --force purge" to unload all):

  1) releases/2021b   2) tis/2018.01

 Strong scaling experiment start (MPI)
 -------------------------------------
      Time: Tue Jan  7 19:12:43 CET 2025
    Job id: 8109446
     Nodes: nic5-w071 nic5-w073
 Max ranks: 64
 ------------------------------------

/home/users/j/h/jhansen/hpc/shallow_mpi /home/users/j/h/jhansen/hpc/example_inputs/simple/param_simple.txt

 +----------------------------------------------------+
 | Strong scaling with processes  close               |
 +------------+-----------------+---------------------+
 | Num. ranks | Time (from app) | Time (time command) |
 +------------+-----------------+---------------------+
1 7.14
 |          1 |           7.140 |               0.000 |
2 6.98
 |          2 |           6.980 |               0.000 |
4 7.67
 |          4 |           7.670 |               0.000 |
8 7.20
 |          8 |           7.200 |               0.000 |
16 7.09
 |         16 |           7.090 |               0.000 |
32 7.12
 |         32 |           7.120 |               0.000 |
64 7.15
 |         64 |           7.150 |               0.000 |
 +------------+-----------------+---------------------+

/home/users/j/h/jhansen/hpc/shallow_mpi /home/users/j/h/jhansen/hpc/example_inputs/simple/param_simple.txt

 +----------------------------------------------------+
 | Strong scaling with processes spread               |
 +------------+-----------------+---------------------+
 | Num. ranks | Time (from app) | Time (time command) |
 +------------+-----------------+---------------------+
srun: error: Unable to create step for job 8109446: More processors requested than permitted
1 Command exited with non-zero status 1 0.00
/var/spool/slurmd/job8109446/slurm_script: line 59: printf: Command: invalid number
/var/spool/slurmd/job8109446/slurm_script: line 59: printf: exited: invalid number
 |          1 |           0.000 |               0.000 |
/var/spool/slurmd/job8109446/slurm_script: line 59: printf: non-zero: invalid number
/var/spool/slurmd/job8109446/slurm_script: line 59: printf: status: invalid number
 |       with |           0.000 |               0.000 |
 |          1 |           0.000 |               0.000 |
2 278.12
 |          2 |         278.120 |               0.000 |
4 136.87
 |          4 |         136.870 |               0.000 |
8 48.17
 |          8 |          48.170 |               0.000 |
16 23.52
 |         16 |          23.520 |               0.000 |
32 13.96
 |         32 |          13.960 |               0.000 |
64 8.67
 |         64 |           8.670 |               0.000 |
 +------------+-----------------+---------------------+


 -----------------------------
 End Time: Tue Jan  7 19:22:03 CET 2025
 -----------------------------
 Strong scaling experiment end
