The following modules were not unloaded:
  (Use "module --force purge" to unload all):

  1) releases/2021b   2) tis/2018.01
64

 Strong scaling experiment start (OpenMP)
 ----------------------------------------
        Time: Tue Jan  7 11:37:09 CET 2025
      Job id: 8107367
       Nodes: nic5-w068
 Max threads: 64
 ---------------------------------------


 +------------------------------------------------------+
 | Strong scaling with OMP_PROC_BIND =  close           |
 +--------------+-----------------+---------------------+
 | Num. threads | Time (from app) | Time (time command) |
 +--------------+-----------------+---------------------+
 |            1 |         530.610 |               0.000 |
 |            2 |         461.970 |               0.000 |
 |            4 |         478.420 |               0.000 |
 |            8 |         491.030 |               0.000 |
 |           16 |         268.850 |               0.000 |
 |           32 |          23.740 |               0.000 |
 |           64 |           9.210 |               0.000 |
 +--------------+-----------------+---------------------+


 +------------------------------------------------------+
 | Strong scaling with OMP_PROC_BIND = spread           |
 +--------------+-----------------+---------------------+
 | Num. threads | Time (from app) | Time (time command) |
 +--------------+-----------------+---------------------+
 |            1 |         514.040 |               0.000 |
 |            2 |         321.620 |               0.000 |
 |            4 |         201.650 |               0.000 |
 |            8 |          49.880 |               0.000 |
 |           16 |          24.640 |               0.000 |
 |           32 |          14.450 |               0.000 |
 |           64 |           9.150 |               0.000 |
 +--------------+-----------------+---------------------+


 -----------------------------
 End Time: Tue Jan  7 12:33:49 CET 2025
 -----------------------------
 Strong scaling experiment end
