The following modules were not unloaded:
  (Use "module --force purge" to unload all):

  1) releases/2021b   2) tis/2018.01

 Strong scaling experiment start (MPI)
 -------------------------------------
      Time: Sat Jan 11 01:53:33 CET 2025
    Job id: 8126555
     Nodes: nic5-w073
 Max ranks: 64
 ------------------------------------

/home/users/c/s/csmagghe/dg/shallow_mpi /home/users/c/s/csmagghe/dg/example_inputs/simple/param_simple.txt

 +----------------------------------------------------+
 | Strong scaling with processes  close               |
 +------------+-----------------+---------------------+
 | Num. ranks | Time (from app) | Time (time command) |
 +------------+-----------------+---------------------+
 |          1 |         519.650 |               0.000 |
 |          2 |         274.760 |               0.000 |
 |          4 |         236.350 |               0.000 |
 |          8 |         239.330 |               0.000 |
 |         16 |         223.590 |               0.000 |
 |         32 |          26.720 |               0.000 |
 |         64 |           9.480 |               0.000 |
 +------------+-----------------+---------------------+

/home/users/c/s/csmagghe/dg/shallow_mpi /home/users/c/s/csmagghe/dg/example_inputs/simple/param_simple.txt

 +----------------------------------------------------+
 | Strong scaling with processes spread               |
 +------------+-----------------+---------------------+
 | Num. ranks | Time (from app) | Time (time command) |
 +------------+-----------------+---------------------+
 |          1 |         512.730 |               0.000 |
 |          2 |         271.190 |               0.000 |
 |          4 |         133.260 |               0.000 |
 |          8 |          47.660 |               0.000 |
 |         16 |          23.310 |               0.000 |
 |         32 |          14.370 |               0.000 |
 |         64 |           9.610 |               0.000 |
 +------------+-----------------+---------------------+


 -----------------------------
 End Time: Sat Jan 11 02:35:55 CET 2025
 -----------------------------
 Strong scaling experiment end
