The following modules were not unloaded:
  (Use "module --force purge" to unload all):

  1) releases/2021b   2) tis/2018.01

 Weak scaling experiment start (MPI)
 -----------------------------------
      Time: Tue Jan  7 13:08:43 CET 2025
    Job id: 8107881
     Nodes: nic5-w071
 Max ranks: 64
 ----------------------------------


 +----------------------------------------------------+
 | Weak scaling with processes  close                 |
 +------------+-----------------+---------------------+
 | Num. ranks | Time (from app) | Time (time command) |
 +------------+-----------------+---------------------+
 |          1 |          17.020 |               0.000 |
 |          2 |          17.650 |               0.000 |
 |          4 |          37.990 |               0.000 |
 |          8 |          75.210 |               0.000 |
 |         16 |         150.530 |               0.000 |
 |         32 |         156.990 |               0.000 |
 |         64 |         158.720 |               0.000 |
 +------------+-----------------+---------------------+


 +----------------------------------------------------+
 | Weak scaling with processes spread                 |
 +------------+-----------------+---------------------+
 | Num. ranks | Time (from app) | Time (time command) |
 +------------+-----------------+---------------------+
 |          1 |          17.270 |               0.000 |
 |          2 |          18.010 |               0.000 |
 |          4 |          17.740 |               0.000 |
 |          8 |          17.680 |               0.000 |
 |         16 |          22.210 |               0.000 |
 |         32 |          77.380 |               0.000 |
 |         64 |         158.670 |               0.000 |
 +------------+-----------------+---------------------+


 ---------------------------
 End Time: Tue Jan  7 13:24:27 CET 2025
 ---------------------------
 Weak scaling experiment end
