The following modules were not unloaded:
  (Use "module --force purge" to unload all):

  1) releases/2021b   2) tis/2018.01

 Weak scaling experiment start (OpenMP)
 --------------------------------------
        Time: Tue Jan  7 14:09:44 CET 2025
      Job id: 8107882
       Nodes: nic5-w072
 Max threads: 64
 -------------------------------------


 +------------------------------------------------------+
 | Weak scaling with OMP_PROC_BIND =  close             |
 +--------------+-----------------+---------------------+
 | Num. threads | Time (from app) | Time (time command) |
 +--------------+-----------------+---------------------+
 |            1 |          15.400 |               0.000 |
 |            2 |          35.650 |               0.000 |
 |            4 |          73.080 |               0.000 |
 |            8 |         147.900 |               0.000 |
 |           16 |         174.790 |               0.000 |
 |           32 |         253.730 |               0.000 |
 |           64 |         454.630 |               0.000 |
 +--------------+-----------------+---------------------+


 +------------------------------------------------------+
 | Weak scaling with OMP_PROC_BIND = spread             |
 +--------------+-----------------+---------------------+
 | Num. threads | Time (from app) | Time (time command) |
 +--------------+-----------------+---------------------+
 |            1 |          16.580 |               0.000 |
 |            2 |          17.400 |               0.000 |
 |            4 |          18.360 |               0.000 |
 |            8 |          23.090 |               0.000 |
 |           16 |          42.130 |               0.000 |
 |           32 |         219.210 |               0.000 |
 |           64 |         455.380 |               0.000 |
 +--------------+-----------------+---------------------+


 ---------------------------
 End Time: Tue Jan  7 14:42:11 CET 2025
 ---------------------------
 Weak scaling experiment end
