The following modules were not unloaded:
  (Use "module --force purge" to unload all):

  1) releases/2021b   2) tis/2018.01

 Strong scaling experiment start (hybrid)
 ----------------------------------------
        Time: Tue Jan  7 11:39:14 CET 2025
      Job id: 8107370
       Nodes: nic5-w071
 Max threads: 8
 ---------------------------------------


 +----------------------------------------------------+
 | Strong scaling with  2 threads                     |
 +------------+-----------------+---------------------+
 | Num. ranks | Time (from app) | Time (time command) |
 +------------+-----------------+---------------------+
 |          1 |         470.030 |               0.000 |
 |          2 |         245.810 |               0.000 |
 |          4 |         242.220 |               0.000 |
 |          8 |         227.130 |               0.000 |
 |         16 |          20.300 |               0.000 |
 |         32 |           9.530 |               0.000 |
 +------------+-----------------+---------------------+


 +----------------------------------------------------+
 | Strong scaling with  4 threads                     |
 +------------+-----------------+---------------------+
 | Num. ranks | Time (from app) | Time (time command) |
 +------------+-----------------+---------------------+
 |          1 |         483.720 |               0.000 |
 |          2 |         248.660 |               0.000 |
 |          4 |         232.350 |               0.000 |
 |          8 |          24.170 |               0.000 |
 |         16 |           9.800 |               0.000 |
 +------------+-----------------+---------------------+


 +----------------------------------------------------+
 | Strong scaling with  8 threads                     |
 +------------+-----------------+---------------------+
 | Num. ranks | Time (from app) | Time (time command) |
 +------------+-----------------+---------------------+
 |          1 |         490.190 |               0.000 |
 |          2 |         243.640 |               0.000 |
 |          4 |          24.990 |               0.000 |
 |          8 |          13.150 |               0.000 |
 +------------+-----------------+---------------------+


 -----------------------------
 End Time: Tue Jan  7 12:29:01 CET 2025
 -----------------------------
 Strong scaling experiment end
