The following modules were not unloaded:
  (Use "module --force purge" to unload all):

  1) releases/2021b   2) tis/2018.01

 Weak scaling experiment start (hybrid)
 --------------------------------------
        Time: Tue Jan  7 14:42:12 CET 2025
      Job id: 8107883
       Nodes: nic5-w072
 Max threads: 8
 -------------------------------------


 +----------------------------------------------------+
 | Weak scaling with  2 threads                       |
 +------------+-----------------+---------------------+
 | Num. ranks | Time (from app) | Time (time command) |
 +------------+-----------------+---------------------+
 |          1 |          38.100 |               0.000 |
 |          2 |          39.720 |               0.000 |
 |          4 |          75.850 |               0.000 |
 |          8 |         151.010 |               0.000 |
 |         16 |         150.160 |               0.000 |
 |         32 |         157.850 |               0.000 |
 +------------+-----------------+---------------------+


 +----------------------------------------------------+
 | Weak scaling with  4 threads                       |
 +------------+-----------------+---------------------+
 | Num. ranks | Time (from app) | Time (time command) |
 +------------+-----------------+---------------------+
 |          1 |          76.370 |               0.000 |
 |          2 |          77.670 |               0.000 |
 |          4 |         152.190 |               0.000 |
 |          8 |         152.820 |               0.000 |
 |         16 |         160.630 |               0.000 |
 +------------+-----------------+---------------------+


 +----------------------------------------------------+
 | Weak scaling with  8 threads                       |
 +------------+-----------------+---------------------+
 | Num. ranks | Time (from app) | Time (time command) |
 +------------+-----------------+---------------------+
 |          1 |         151.130 |               0.000 |
 |          2 |         154.900 |               0.000 |
 |          4 |         153.350 |               0.000 |
 |          8 |         158.200 |               0.000 |
 +------------+-----------------+---------------------+


 ---------------------------
 End Time: Tue Jan  7 15:13:02 CET 2025
 ---------------------------
 Weak scaling experiment end
