S=C=A=N: Scalasca 2.6.1 runtime summarization
S=C=A=N: ./scorep_myapp_instr_8x4_sum experiment archive
S=C=A=N: Sun Jan 12 11:21:17 2025: Collect start
/usr/bin/srun ./myapp_instr example_inputs/simple/param_simple.txt
Parameters:
 - grid spacing (dx, dy): 2 m, 2 m
 - time step (dt): 0.05 s
 - maximum time (max_t): 1000 s
 - gravitational acceleration (g): 9.81 m/s^2
 - dissipation coefficient (gamma): 2e-05 1/s
 - source type: 1
 - sampling rate: 0
 - input bathymetry (h) file: 'example_inputs/simple/h_simple.dat'
 - output elevation (eta) file: 'example_inputs/simple/output/eta_simple'
 - output velocity (u, v) files: 'example_inputs/simple/output/u_simple', 'example_inputs/simple/output/v_simple'
 - 2000x2000 divided into 4x2 subdomains; grid size of rank 0: 1000 m x 2000 m (500 x 1000 = 500000 grid points)
 - number of time steps: 20000
Computing step 2000/20000 (ETA: 10.7629 seconds)
Computing step 4000/20000 (ETA: 11.3303 seconds)
Computing step 6000/20000 (ETA: 11.4087 seconds)
Computing step 8000/20000 (ETA: 11.1327 seconds)
Computing step 10000/20000 (ETA: 10.4211 seconds)
Computing step 12000/20000 (ETA: 9.26021 seconds)
Computing step 14000/20000 (ETA: 7.57909 seconds)
Computing step 16000/20000 (ETA: 5.38592 seconds)
Computing step 18000/20000 (ETA: 2.81371 seconds)
Done: 29.1833 seconds (343.69 MUpdates/s)
S=C=A=N: Sun Jan 12 11:21:49 2025: Collect done (status=0) 32s
S=C=A=N: ./scorep_myapp_instr_8x4_sum complete.
