Parameters:
 - grid spacing (dx, dy): 0.625 m, 1.25 m
 - time step (dt): 0.05 s
 - maximum time (max_t): 600 s
 - gravitational acceleration (g): 9.81 m/s^2
 - dissipation coefficient (gamma): 2e-05 1/s
 - source type: 1
 - sampling rate: 0
 - input bathymetry (h) file: 'example_inputs/simple/h_simple.dat'
 - output elevation (eta) file: 'example_inputs/simple/output/eta_simple'
 - output velocity (u, v) files: 'example_inputs/simple/output/u_simple', 'example_inputs/simple/output/v_simple'
 - 6400x3200 divided into 8x4 subdomains; grid size of rank 0: 520 m x 1000 m (832 x 800 = 665600 grid points)
 - number of time steps: 12000
Computing step 1200/12000 (ETA: 67.1355 seconds)
Computing step 2400/12000 (ETA: 59.7764 seconds)
Computing step 3600/12000 (ETA: 52.3651 seconds)
Computing step 4800/12000 (ETA: 44.9071 seconds)
Computing step 6000/12000 (ETA: 37.4348 seconds)
Computing step 7200/12000 (ETA: 29.9536 seconds)
Computing step 8400/12000 (ETA: 22.4678 seconds)
Computing step 9600/12000 (ETA: 14.9797 seconds)
Computing step 10800/12000 (ETA: 7.49027 seconds)
Error: Could not open output VTK manifest file 'example_inputs/simple/output/eta_simple.pvd'
Done: 74.9198 seconds (106.872 MUpdates/s)
