Parameters:
 - grid spacing (dx, dy): 0.625 m, 1.25 m
 - time step (dt): 0.05 s
 - maximum time (max_t): 600 s
 - gravitational acceleration (g): 9.81 m/s^2
 - dissipation coefficient (gamma): 2e-05 1/s
 - source type: 1
 - sampling rate: 0
 - input bathymetry (h) file: 'example_inputs/simple/h_simple.dat'
 - output elevation (eta) file: 'example_inputs/simple/output/eta_simple'
 - output velocity (u, v) files: 'example_inputs/simple/output/u_simple', 'example_inputs/simple/output/v_simple'
 - grid size: 4000 m x 4000 m (6400 x 3200 = 20480000 grid points)
 - number of time steps: 12000
Computing step 1200/12000 (ETA: 198.627 seconds)
Computing step 2400/12000 (ETA: 176.348 seconds)
Computing step 3600/12000 (ETA: 154.153 seconds)
Computing step 4800/12000 (ETA: 131.921 seconds)
Computing step 6000/12000 (ETA: 109.817 seconds)
Computing step 7200/12000 (ETA: 87.7925 seconds)
Computing step 8400/12000 (ETA: 65.8111 seconds)
Computing step 9600/12000 (ETA: 43.8575 seconds)
Computing step 10800/12000 (ETA: 21.9233 seconds)
Error: Could not open output VTK manifest file 'example_inputs/simple/output/eta_simple.pvd'

Done: 219.178 seconds (1121.28 MUpdates/s)
