Parameters:
 - grid spacing (dx, dy): 0.625 m, 1.25 m
 - time step (dt): 0.05 s
 - maximum time (max_t): 600 s
 - gravitational acceleration (g): 9.81 m/s^2
 - dissipation coefficient (gamma): 2e-05 1/s
 - source type: 1
 - sampling rate: 0
 - input bathymetry (h) file: 'example_inputs/simple/h_simple.dat'
 - output elevation (eta) file: 'example_inputs/simple/output/eta_simple'
 - output velocity (u, v) files: 'example_inputs/simple/output/u_simple', 'example_inputs/simple/output/v_simple'
 - 6400x3200 divided into 8x4 subdomains; grid size of rank 0: 520 m x 1000 m (832 x 800 = 665600 grid points)
 - number of time steps: 12000
Computing step 1200/12000 (ETA: 138.612 seconds)
Computing step 2400/12000 (ETA: 123.301 seconds)
Computing step 3600/12000 (ETA: 107.986 seconds)
Computing step 4800/12000 (ETA: 92.6006 seconds)
Computing step 6000/12000 (ETA: 77.1842 seconds)
Computing step 7200/12000 (ETA: 61.7565 seconds)
Computing step 8400/12000 (ETA: 46.3217 seconds)
Computing step 9600/12000 (ETA: 30.8834 seconds)
Computing step 10800/12000 (ETA: 15.4428 seconds)
Error: Could not open output VTK manifest file 'example_inputs/simple/output/eta_simple.pvd'
Done: 154.435 seconds (51.8458 MUpdates/s)
