Parameters:
 - grid spacing (dx, dy): 1.25 m, 2.5 m
 - time step (dt): 0.05 s
 - maximum time (max_t): 600 s
 - gravitational acceleration (g): 9.81 m/s^2
 - dissipation coefficient (gamma): 2e-05 1/s
 - source type: 1
 - sampling rate: 0
 - input bathymetry (h) file: 'example_inputs/simple/h_simple.dat'
 - output elevation (eta) file: 'example_inputs/simple/output/eta_simple'
 - output velocity (u, v) files: 'example_inputs/simple/output/u_simple', 'example_inputs/simple/output/v_simple'
 - grid size: 4000 m x 4000 m (3200 x 1600 = 5120000 grid points)
 - number of time steps: 12000
Computing step 1200/12000 (ETA: 134.107 seconds)
Computing step 2400/12000 (ETA: 118.613 seconds)
Computing step 3600/12000 (ETA: 103.653 seconds)
Computing step 4800/12000 (ETA: 88.8041 seconds)
Computing step 6000/12000 (ETA: 73.9836 seconds)
Computing step 7200/12000 (ETA: 59.176 seconds)
Computing step 8400/12000 (ETA: 44.3758 seconds)
Computing step 9600/12000 (ETA: 29.581 seconds)
Computing step 10800/12000 (ETA: 14.7895 seconds)
Error: Could not open output VTK manifest file 'example_inputs/simple/output/eta_simple.pvd'

Done: 147.886 seconds (415.454 MUpdates/s)
