Parameters:
 - grid spacing (dx, dy): 2.5 m, 5 m
 - time step (dt): 0.05 s
 - maximum time (max_t): 600 s
 - gravitational acceleration (g): 9.81 m/s^2
 - dissipation coefficient (gamma): 2e-05 1/s
 - source type: 1
 - sampling rate: 0
 - input bathymetry (h) file: 'example_inputs/simple/h_simple.dat'
 - output elevation (eta) file: 'example_inputs/simple/output/eta_simple'
 - output velocity (u, v) files: 'example_inputs/simple/output/u_simple', 'example_inputs/simple/output/v_simple'
 - 1600x800 divided into 1x1 subdomains; grid size of rank 0: 4000 m x 4000 m (1600 x 800 = 1280000 grid points)
 - number of time steps: 12000
Computing step 1200/12000 (ETA: 32.4761 seconds)
Computing step 2400/12000 (ETA: 28.8402 seconds)
Computing step 3600/12000 (ETA: 25.2362 seconds)
Computing step 4800/12000 (ETA: 21.6285 seconds)
Computing step 6000/12000 (ETA: 18.0208 seconds)
Computing step 7200/12000 (ETA: 14.4175 seconds)
Computing step 8400/12000 (ETA: 10.8131 seconds)
Computing step 9600/12000 (ETA: 7.20867 seconds)
Computing step 10800/12000 (ETA: 3.60443 seconds)
Error: Could not open output VTK manifest file 'example_inputs/simple/output/eta_simple.pvd'
Done: 36.0285 seconds (427.129 MUpdates/s)
