Parameters:
 - grid spacing (dx, dy): 1.25 m, 1.25 m
 - time step (dt): 0.05 s
 - maximum time (max_t): 600 s
 - gravitational acceleration (g): 9.81 m/s^2
 - dissipation coefficient (gamma): 2e-05 1/s
 - source type: 1
 - sampling rate: 0
 - input bathymetry (h) file: 'example_inputs/simple/h_simple.dat'
 - output elevation (eta) file: 'example_inputs/simple/output/eta_simple'
 - output velocity (u, v) files: 'example_inputs/simple/output/u_simple', 'example_inputs/simple/output/v_simple'
 - 3200x3200 divided into 2x1 subdomains; grid size of rank 0: 2000 m x 4000 m (1600 x 3200 = 5120000 grid points)
 - number of time steps: 12000
Computing step 1200/12000 (ETA: 137.358 seconds)
Computing step 2400/12000 (ETA: 122.038 seconds)
Computing step 3600/12000 (ETA: 106.802 seconds)
Computing step 4800/12000 (ETA: 91.576 seconds)
Computing step 6000/12000 (ETA: 76.3317 seconds)
Computing step 7200/12000 (ETA: 61.0753 seconds)
Computing step 8400/12000 (ETA: 45.8122 seconds)
Computing step 9600/12000 (ETA: 30.5439 seconds)
Computing step 10800/12000 (ETA: 15.2729 seconds)
Error: Could not open output VTK manifest file 'example_inputs/simple/output/eta_simple.pvd'
Done: 152.737 seconds (402.638 MUpdates/s)
