Parameters:
 - grid spacing (dx, dy): 5 m, 5 m
 - time step (dt): 0.05 s
 - maximum time (max_t): 600 s
 - gravitational acceleration (g): 9.81 m/s^2
 - dissipation coefficient (gamma): 2e-05 1/s
 - source type: 1
 - sampling rate: 0
 - input bathymetry (h) file: 'example_inputs/simple/h_simple.dat'
 - output elevation (eta) file: 'example_inputs/simple/output/eta_simple'
 - output velocity (u, v) files: 'example_inputs/simple/output/u_simple', 'example_inputs/simple/output/v_simple'
 - grid size: 4000 m x 4000 m (800 x 800 = 640000 grid points)
 - number of time steps: 12000
Computing step 1200/12000 (ETA: 14.4678 seconds)
Computing step 2400/12000 (ETA: 12.866 seconds)
Computing step 3600/12000 (ETA: 11.1985 seconds)
Computing step 4800/12000 (ETA: 9.46459 seconds)
Computing step 6000/12000 (ETA: 7.82203 seconds)
Computing step 7200/12000 (ETA: 6.22395 seconds)
Computing step 8400/12000 (ETA: 4.65064 seconds)
Computing step 9600/12000 (ETA: 3.09207 seconds)
Computing step 10800/12000 (ETA: 1.54249 seconds)
Error: Could not open output VTK manifest file 'example_inputs/simple/output/eta_simple.pvd'

Done: 15.3951 seconds (498.859 MUpdates/s)
