Parameters:
 - grid spacing (dx, dy): 2 m, 2 m
 - time step (dt): 0.05 s
 - maximum time (max_t): 2500 s
 - gravitational acceleration (g): 9.81 m/s^2
 - dissipation coefficient (gamma): 2e-05 1/s
 - source type: 1
 - sampling rate: 0
 - input bathymetry (h) file: 'example_inputs/simple/h_simple.dat'
 - output elevation (eta) file: 'example_inputs/simple/output/eta_simple'
 - output velocity (u, v) files: 'example_inputs/simple/output/u_simple', 'example_inputs/simple/output/v_simple'
 - 2000x2000 divided into 8x4 subdomains; grid size of rank 0: 520 m x 1000 m (260 x 500 = 130000 grid points)
 - number of time steps: 50000
Computing step 5000/50000 (ETA: 10.8067 seconds)
Computing step 10000/50000 (ETA: 9.54152 seconds)
Computing step 15000/50000 (ETA: 8.32877 seconds)
Computing step 20000/50000 (ETA: 7.13162 seconds)
Computing step 25000/50000 (ETA: 5.93927 seconds)
Computing step 30000/50000 (ETA: 4.74918 seconds)
Computing step 35000/50000 (ETA: 3.56114 seconds)
Computing step 40000/50000 (ETA: 2.37339 seconds)
Computing step 45000/50000 (ETA: 1.18655 seconds)
Error: Could not open output VTK manifest file 'example_inputs/simple/output/eta_simple.pvd'
Done: 11.864 seconds (551.085 MUpdates/s)
