Parameters:
 - grid spacing (dx, dy): 0.625 m, 0.625 m
 - time step (dt): 0.05 s
 - maximum time (max_t): 600 s
 - gravitational acceleration (g): 9.81 m/s^2
 - dissipation coefficient (gamma): 2e-05 1/s
 - source type: 1
 - sampling rate: 0
 - input bathymetry (h) file: 'example_inputs/simple/h_simple.dat'
 - output elevation (eta) file: 'example_inputs/simple/output/eta_simple'
 - output velocity (u, v) files: 'example_inputs/simple/output/u_simple', 'example_inputs/simple/output/v_simple'
 - grid size: 4000 m x 4000 m (6400 x 6400 = 40960000 grid points)
 - number of time steps: 12000
Computing step 1200/12000 (ETA: 412.785 seconds)
Computing step 2400/12000 (ETA: 364.951 seconds)
Computing step 3600/12000 (ETA: 319.609 seconds)
Computing step 4800/12000 (ETA: 273.876 seconds)
Computing step 6000/12000 (ETA: 228.023 seconds)
Computing step 7200/12000 (ETA: 182.093 seconds)
Computing step 8400/12000 (ETA: 136.506 seconds)
Computing step 9600/12000 (ETA: 90.9726 seconds)
Computing step 10800/12000 (ETA: 45.4799 seconds)
Error: Could not open output VTK manifest file 'example_inputs/simple/output/eta_simple.pvd'

Done: 454.588 seconds (1081.24 MUpdates/s)
