Parameters:
 - grid spacing (dx, dy): 2 m, 2 m
 - time step (dt): 0.05 s
 - maximum time (max_t): 2500 s
 - gravitational acceleration (g): 9.81 m/s^2
 - dissipation coefficient (gamma): 2e-05 1/s
 - source type: 1
 - sampling rate: 0
 - input bathymetry (h) file: 'example_inputs/simple/h_simple.dat'
 - output elevation (eta) file: 'example_inputs/simple/output/eta_simple'
 - output velocity (u, v) files: 'example_inputs/simple/output/u_simple', 'example_inputs/simple/output/v_simple'
 - 2000x2000 divided into 16x8 subdomains; grid size of rank 0: 280 m x 520 m (140 x 260 = 36400 grid points)
 - number of time steps: 50000
Computing step 5000/50000 (ETA: 3.61939 seconds)
Computing step 10000/50000 (ETA: 3.15001 seconds)
Computing step 15000/50000 (ETA: 2.73684 seconds)
Computing step 20000/50000 (ETA: 2.33866 seconds)
Computing step 25000/50000 (ETA: 1.95837 seconds)
Computing step 30000/50000 (ETA: 1.56925 seconds)
Computing step 35000/50000 (ETA: 1.17421 seconds)
Computing step 40000/50000 (ETA: 0.781402 seconds)
Computing step 45000/50000 (ETA: 0.390161 seconds)
Error: Could not open output VTK manifest file 'example_inputs/simple/output/eta_simple.pvd'
Done: 3.8972 seconds (472.147 MUpdates/s)
