Parameters:
 - grid spacing (dx, dy): 1.25 m, 2.5 m
 - time step (dt): 0.05 s
 - maximum time (max_t): 600 s
 - gravitational acceleration (g): 9.81 m/s^2
 - dissipation coefficient (gamma): 2e-05 1/s
 - source type: 1
 - sampling rate: 0
 - input bathymetry (h) file: 'example_inputs/simple/h_simple.dat'
 - output elevation (eta) file: 'example_inputs/simple/output/eta_simple'
 - output velocity (u, v) files: 'example_inputs/simple/output/u_simple', 'example_inputs/simple/output/v_simple'
 - 3200x1600 divided into 1x1 subdomains; grid size of rank 0: 4000 m x 4000 m (3200 x 1600 = 5120000 grid points)
 - number of time steps: 12000
Computing step 1200/12000 (ETA: 134.357 seconds)
Computing step 2400/12000 (ETA: 119.406 seconds)
Computing step 3600/12000 (ETA: 104.499 seconds)
Computing step 4800/12000 (ETA: 89.5976 seconds)
Computing step 6000/12000 (ETA: 74.7074 seconds)
Computing step 7200/12000 (ETA: 59.7842 seconds)
Computing step 8400/12000 (ETA: 44.8261 seconds)
Computing step 9600/12000 (ETA: 29.8675 seconds)
Computing step 10800/12000 (ETA: 14.9199 seconds)
Error: Could not open output VTK manifest file 'example_inputs/simple/output/eta_simple.pvd'
Done: 149.085 seconds (412.501 MUpdates/s)
