S=C=A=N: Sun Jan 12 20:36:49 2025: Collect start
/usr/bin/srun ./myapp_instr example_inputs/simple/param_simple.txt
[Score-P] src/measurement/scorep_runtime_management.c:333: Error: File does already exist: POSIX: Can't create experiment directory "/home/users/j/h/jhansen/hpc/./scorep_myapp_instr_Ox4_sum".
[Score-P] src/measurement/scorep_runtime_management.c:333: Error: File does already exist: POSIX: Can't create experiment directory "/home/users/j/h/jhansen/hpc/./scorep_myapp_instr_Ox4_sum".
srun: error: nic5-w032: tasks 0-1: Exited with exit code 1
Parameters:
 - grid spacing (dx, dy): 2 m, 2 m
 - time step (dt): 0.05 s
 - maximum time (max_t): 200 s
 - gravitational acceleration (g): 9.81 m/s^2
 - dissipation coefficient (gamma): 2e-05 1/s
 - source type: 1
 - sampling rate: 0
 - input bathymetry (h) file: 'example_inputs/simple/h_simple.dat'
 - output elevation (eta) file: 'example_inputs/simple/output/eta_simple'
 - output velocity (u, v) files: 'example_inputs/simple/output/u_simple', 'example_inputs/simple/output/v_simple'
 - grid size: 4000 m x 4000 m (2000 x 2000 = 4000000 grid points)
 - number of time steps: 4000
Computing step 400/4000 (ETA: 70.3727 seconds)
Parameters:
 - grid spacing (dx, dy): 2 m, 2 m
 - time step (dt): 0.05 s
 - maximum time (max_t): 200 s
 - gravitational acceleration (g): 9.81 m/s^2
 - dissipation coefficient (gamma): 2e-05 1/s
 - source type: 1
 - sampling rate: 0
 - input bathymetry (h) file: 'example_inputs/simple/h_simple.dat'
 - output elevation (eta) file: 'example_inputs/simple/output/eta_simple'
 - output velocity (u, v) files: 'example_inputs/simple/output/u_simple', 'example_inputs/simple/output/v_simple'
 - grid size: 4000 m x 4000 m (2000 x 2000 = 4000000 grid points)
 - number of time steps: 4000
Computing step 400/4000 (ETA: 70.3603 seconds)
Parameters:
 - grid spacing (dx, dy): 2 m, 2 m
 - time step (dt): 0.05 s
 - maximum time (max_t): 200 s
 - gravitational acceleration (g): 9.81 m/s^2
 - dissipation coefficient (gamma): 2e-05 1/s
 - source type: 1
 - sampling rate: 0
 - input bathymetry (h) file: 'example_inputs/simple/h_simple.dat'
 - output elevation (eta) file: 'example_inputs/simple/output/eta_simple'
 - output velocity (u, v) files: 'example_inputs/simple/output/u_simple', 'example_inputs/simple/output/v_simple'
 - grid size: 4000 m x 4000 m (2000 x 2000 = 4000000 grid points)
 - number of time steps: 4000
Computing step 400/4000 (ETA: 70.3904 seconds)
Parameters:
 - grid spacing (dx, dy): 2 m, 2 m
 - time step (dt): 0.05 s
 - maximum time (max_t): 200 s
 - gravitational acceleration (g): 9.81 m/s^2
 - dissipation coefficient (gamma): 2e-05 1/s
 - source type: 1
 - sampling rate: 0
 - input bathymetry (h) file: 'example_inputs/simple/h_simple.dat'
 - output elevation (eta) file: 'example_inputs/simple/output/eta_simple'
 - output velocity (u, v) files: 'example_inputs/simple/output/u_simple', 'example_inputs/simple/output/v_simple'
 - grid size: 4000 m x 4000 m (2000 x 2000 = 4000000 grid points)
 - number of time steps: 4000
Computing step 400/4000 (ETA: 70.5277 seconds)
Parameters:
 - grid spacing (dx, dy): 2 m, 2 m
 - time step (dt): 0.05 s
 - maximum time (max_t): 200 s
 - gravitational acceleration (g): 9.81 m/s^2
 - dissipation coefficient (gamma): 2e-05 1/s
 - source type: 1
 - sampling rate: 0
 - input bathymetry (h) file: 'example_inputs/simple/h_simple.dat'
 - output elevation (eta) file: 'example_inputs/simple/output/eta_simple'
 - output velocity (u, v) files: 'example_inputs/simple/output/u_simple', 'example_inputs/simple/output/v_simple'
 - grid size: 4000 m x 4000 m (2000 x 2000 = 4000000 grid points)
 - number of time steps: 4000
Computing step 400/4000 (ETA: 76.1523 seconds)
Parameters:
 - grid spacing (dx, dy): 2 m, 2 m
 - time step (dt): 0.05 s
 - maximum time (max_t): 200 s
 - gravitational acceleration (g): 9.81 m/s^2
 - dissipation coefficient (gamma): 2e-05 1/s
 - source type: 1
 - sampling rate: 0
 - input bathymetry (h) file: 'example_inputs/simple/h_simple.dat'
 - output elevation (eta) file: 'example_inputs/simple/output/eta_simple'
 - output velocity (u, v) files: 'example_inputs/simple/output/u_simple', 'example_inputs/simple/output/v_simple'
 - grid size: 4000 m x 4000 m (2000 x 2000 = 4000000 grid points)
 - number of time steps: 4000
Computing step 400/4000 (ETA: 79.0885 seconds)
Computing step 800/4000 (ETA: 62.5545 seconds)
Computing step 800/4000 (ETA: 62.5264 seconds)
Computing step 800/4000 (ETA: 62.3019 seconds)
Computing step 800/4000 (ETA: 62.6645 seconds)
Computing step 800/4000 (ETA: 62.6076 seconds)
Computing step 800/4000 (ETA: 77.8536 seconds)
Computing step 1200/4000 (ETA: 52.9439 seconds)
Computing step 1200/4000 (ETA: 54.7173 seconds)
Computing step 1200/4000 (ETA: 54.7545 seconds)
Computing step 1200/4000 (ETA: 54.7904 seconds)
Computing step 1200/4000 (ETA: 54.8257 seconds)
Computing step 1600/4000 (ETA: 44.4315 seconds)
Computing step 1200/4000 (ETA: 70.3118 seconds)
Computing step 1600/4000 (ETA: 46.9033 seconds)
Computing step 1600/4000 (ETA: 46.9381 seconds)
Computing step 1600/4000 (ETA: 46.9759 seconds)
Computing step 1600/4000 (ETA: 47 seconds)
Computing step 2000/4000 (ETA: 36.4743 seconds)
Computing step 2000/4000 (ETA: 39.0829 seconds)
Computing step 2000/4000 (ETA: 39.1301 seconds)
Computing step 2000/4000 (ETA: 39.155 seconds)
Computing step 2000/4000 (ETA: 39.1714 seconds)
Computing step 1600/4000 (ETA: 61.2454 seconds)
Computing step 2400/4000 (ETA: 29.0691 seconds)
Computing step 2400/4000 (ETA: 31.269 seconds)
Computing step 2400/4000 (ETA: 31.3133 seconds)
Computing step 2400/4000 (ETA: 31.3387 seconds)
Computing step 2400/4000 (ETA: 31.332 seconds)
Computing step 2800/4000 (ETA: 21.7314 seconds)
Computing step 2000/4000 (ETA: 51.5647 seconds)
Computing step 2800/4000 (ETA: 23.4541 seconds)
Computing step 2800/4000 (ETA: 23.4907 seconds)
Computing step 2800/4000 (ETA: 23.5064 seconds)
Computing step 2800/4000 (ETA: 23.5035 seconds)
Computing step 3200/4000 (ETA: 14.4562 seconds)
Computing step 2400/4000 (ETA: 41.5125 seconds)
Computing step 3200/4000 (ETA: 15.6382 seconds)
Computing step 3200/4000 (ETA: 15.664 seconds)
Computing step 3200/4000 (ETA: 15.6714 seconds)
Computing step 3200/4000 (ETA: 15.6714 seconds)
Computing step 3600/4000 (ETA: 7.19083 seconds)
Computing step 3600/4000 (ETA: 7.82103 seconds)
Computing step 3600/4000 (ETA: 7.8326 seconds)
Computing step 3600/4000 (ETA: 7.83666 seconds)
Computing step 3600/4000 (ETA: 7.83653 seconds)

Done: 71.6431 seconds (223.329 MUpdates/s)
Computing step 2800/4000 (ETA: 30.9565 seconds)
Computing step 3200/4000 (ETA: 19.252 seconds)

Done: 78.229 seconds (204.528 MUpdates/s)

Done: 78.2918 seconds (204.364 MUpdates/s)

Done: 78.3785 seconds (204.138 MUpdates/s)

Done: 78.3704 seconds (204.159 MUpdates/s)
Computing step 3600/4000 (ETA: 9.0712 seconds)

Done: 86.4231 seconds (185.136 MUpdates/s)
S=C=A=N: Sun Jan 12 20:38:16 2025: Collect done (status=0) 87s
