Parameters:
 - grid spacing (dx, dy): 2 m, 2 m
 - time step (dt): 0.05 s
 - maximum time (max_t): 2500 s
 - gravitational acceleration (g): 9.81 m/s^2
 - dissipation coefficient (gamma): 2e-05 1/s
 - source type: 1
 - sampling rate: 0
 - input bathymetry (h) file: 'example_inputs/simple/h_simple.dat'
 - output elevation (eta) file: 'example_inputs/simple/output/eta_simple'
 - output velocity (u, v) files: 'example_inputs/simple/output/u_simple', 'example_inputs/simple/output/v_simple'
 - 2000x2000 divided into 2x2 subdomains; grid size of rank 0: 2000 m x 2000 m (1000 x 1000 = 1000000 grid points)
 - number of time steps: 50000
Computing step 5000/50000 (ETA: 121.467 seconds)
Computing step 10000/50000 (ETA: 107.878 seconds)
Computing step 15000/50000 (ETA: 94.344 seconds)
Computing step 20000/50000 (ETA: 80.8514 seconds)
Computing step 25000/50000 (ETA: 67.3707 seconds)
Computing step 30000/50000 (ETA: 53.8944 seconds)
Computing step 35000/50000 (ETA: 40.4221 seconds)
Computing step 40000/50000 (ETA: 26.9474 seconds)
Computing step 45000/50000 (ETA: 13.4728 seconds)
Error: Could not open output VTK manifest file 'example_inputs/simple/output/eta_simple.pvd'
Done: 134.719 seconds (371.885 MUpdates/s)
