Parameters:
 - grid spacing (dx, dy): 2 m, 2 m
 - time step (dt): 0.05 s
 - maximum time (max_t): 2500 s
 - gravitational acceleration (g): 9.81 m/s^2
 - dissipation coefficient (gamma): 2e-05 1/s
 - source type: 1
 - sampling rate: 0
 - input bathymetry (h) file: 'example_inputs/simple/h_simple.dat'
 - output elevation (eta) file: 'example_inputs/simple/output/eta_simple'
 - output velocity (u, v) files: 'example_inputs/simple/output/u_simple', 'example_inputs/simple/output/v_simple'
 - 2000x2000 divided into 4x2 subdomains; grid size of rank 0: 1000 m x 2000 m (500 x 1000 = 500000 grid points)
 - number of time steps: 50000
Computing step 5000/50000 (ETA: 41.5709 seconds)
Computing step 10000/50000 (ETA: 36.8669 seconds)
Computing step 15000/50000 (ETA: 32.3666 seconds)
Computing step 20000/50000 (ETA: 27.8226 seconds)
Computing step 25000/50000 (ETA: 23.2256 seconds)
Computing step 30000/50000 (ETA: 18.6 seconds)
Computing step 35000/50000 (ETA: 13.9611 seconds)
Computing step 40000/50000 (ETA: 9.31285 seconds)
Computing step 45000/50000 (ETA: 4.65763 seconds)
Error: Could not open output VTK manifest file 'example_inputs/simple/output/eta_simple.pvd'
Done: 46.5774 seconds (538.352 MUpdates/s)
