Parameters:
 - grid spacing (dx, dy): 2.5 m, 2.5 m
 - time step (dt): 0.05 s
 - maximum time (max_t): 600 s
 - gravitational acceleration (g): 9.81 m/s^2
 - dissipation coefficient (gamma): 2e-05 1/s
 - source type: 1
 - sampling rate: 0
 - input bathymetry (h) file: 'example_inputs/simple/h_simple.dat'
 - output elevation (eta) file: 'example_inputs/simple/output/eta_simple'
 - output velocity (u, v) files: 'example_inputs/simple/output/u_simple', 'example_inputs/simple/output/v_simple'
 - 1600x1600 divided into 2x2 subdomains; grid size of rank 0: 2000 m x 2000 m (800 x 800 = 640000 grid points)
 - number of time steps: 12000
Computing step 1200/12000 (ETA: 32.7495 seconds)
Computing step 2400/12000 (ETA: 29.1489 seconds)
Computing step 3600/12000 (ETA: 25.5167 seconds)
Computing step 4800/12000 (ETA: 21.8535 seconds)
Computing step 6000/12000 (ETA: 18.1689 seconds)
Computing step 7200/12000 (ETA: 14.5138 seconds)
Computing step 8400/12000 (ETA: 10.8724 seconds)
Computing step 9600/12000 (ETA: 7.2422 seconds)
Computing step 10800/12000 (ETA: 3.61889 seconds)
Error: Could not open output VTK manifest file 'example_inputs/simple/output/eta_simple.pvd'
Done: 36.1696 seconds (212.864 MUpdates/s)
