Parameters:
 - grid spacing (dx, dy): 0.625 m, 1.25 m
 - time step (dt): 0.05 s
 - maximum time (max_t): 600 s
 - gravitational acceleration (g): 9.81 m/s^2
 - dissipation coefficient (gamma): 2e-05 1/s
 - source type: 1
 - sampling rate: 0
 - input bathymetry (h) file: 'example_inputs/simple/h_simple.dat'
 - output elevation (eta) file: 'example_inputs/simple/output/eta_simple'
 - output velocity (u, v) files: 'example_inputs/simple/output/u_simple', 'example_inputs/simple/output/v_simple'
 - 6400x3200 divided into 2x2 subdomains; grid size of rank 0: 2000 m x 2000 m (3200 x 1600 = 5120000 grid points)
 - number of time steps: 12000
Computing step 1200/12000 (ETA: 136.027 seconds)
Computing step 2400/12000 (ETA: 121.044 seconds)
Computing step 3600/12000 (ETA: 105.928 seconds)
Computing step 4800/12000 (ETA: 90.8256 seconds)
Computing step 6000/12000 (ETA: 75.7055 seconds)
Computing step 7200/12000 (ETA: 60.574 seconds)
Computing step 8400/12000 (ETA: 45.4365 seconds)
Computing step 9600/12000 (ETA: 30.2936 seconds)
Computing step 10800/12000 (ETA: 15.1476 seconds)
Error: Could not open output VTK manifest file 'example_inputs/simple/output/eta_simple.pvd'
Done: 151.484 seconds (405.968 MUpdates/s)
