Parameters:
 - grid spacing (dx, dy): 1.25 m, 1.25 m
 - time step (dt): 0.05 s
 - maximum time (max_t): 600 s
 - gravitational acceleration (g): 9.81 m/s^2
 - dissipation coefficient (gamma): 2e-05 1/s
 - source type: 1
 - sampling rate: 0
 - input bathymetry (h) file: 'example_inputs/simple/h_simple.dat'
 - output elevation (eta) file: 'example_inputs/simple/output/eta_simple'
 - output velocity (u, v) files: 'example_inputs/simple/output/u_simple', 'example_inputs/simple/output/v_simple'
 - grid size: 4000 m x 4000 m (3200 x 3200 = 10240000 grid points)
 - number of time steps: 12000
Computing step 1200/12000 (ETA: 156.94 seconds)
Computing step 2400/12000 (ETA: 139.456 seconds)
Computing step 3600/12000 (ETA: 121.995 seconds)
Computing step 4800/12000 (ETA: 104.608 seconds)
Computing step 6000/12000 (ETA: 87.1853 seconds)
Computing step 7200/12000 (ETA: 69.7677 seconds)
Computing step 8400/12000 (ETA: 52.3626 seconds)
Computing step 9600/12000 (ETA: 34.9266 seconds)
Computing step 10800/12000 (ETA: 17.4721 seconds)
Error: Could not open output VTK manifest file 'example_inputs/simple/output/eta_simple.pvd'

Done: 174.787 seconds (703.027 MUpdates/s)
