Parameters:
 - grid spacing (dx, dy): 2 m, 2 m
 - time step (dt): 0.05 s
 - maximum time (max_t): 2500 s
 - gravitational acceleration (g): 9.81 m/s^2
 - dissipation coefficient (gamma): 2e-05 1/s
 - source type: 1
 - sampling rate: 0
 - input bathymetry (h) file: 'example_inputs/simple/h_simple.dat'
 - output elevation (eta) file: 'example_inputs/simple/output/eta_simple'
 - output velocity (u, v) files: 'example_inputs/simple/output/u_simple', 'example_inputs/simple/output/v_simple'
 - 2000x2000 divided into 4x2 subdomains; grid size of rank 0: 1000 m x 2000 m (500 x 1000 = 500000 grid points)
 - number of time steps: 50000
Computing step 5000/50000 (ETA: 201.324 seconds)
Computing step 10000/50000 (ETA: 179.248 seconds)
Computing step 15000/50000 (ETA: 156.982 seconds)
Computing step 20000/50000 (ETA: 134.613 seconds)
Computing step 25000/50000 (ETA: 112.201 seconds)
Computing step 30000/50000 (ETA: 89.7738 seconds)
Computing step 35000/50000 (ETA: 67.3621 seconds)
Computing step 40000/50000 (ETA: 44.9416 seconds)
Computing step 45000/50000 (ETA: 22.4786 seconds)
Error: Could not open output VTK manifest file 'example_inputs/simple/output/eta_simple.pvd'
Done: 224.851 seconds (111.518 MUpdates/s)
