Parameters:
 - grid spacing (dx, dy): 1.25 m, 1.25 m
 - time step (dt): 0.05 s
 - maximum time (max_t): 600 s
 - gravitational acceleration (g): 9.81 m/s^2
 - dissipation coefficient (gamma): 2e-05 1/s
 - source type: 1
 - sampling rate: 0
 - input bathymetry (h) file: 'example_inputs/simple/h_simple.dat'
 - output elevation (eta) file: 'example_inputs/simple/output/eta_simple'
 - output velocity (u, v) files: 'example_inputs/simple/output/u_simple', 'example_inputs/simple/output/v_simple'
 - 3200x3200 divided into 2x2 subdomains; grid size of rank 0: 2000 m x 2000 m (1600 x 1600 = 2560000 grid points)
 - number of time steps: 12000
Computing step 1200/12000 (ETA: 137.335 seconds)
Computing step 2400/12000 (ETA: 121.153 seconds)
Computing step 3600/12000 (ETA: 105.762 seconds)
Computing step 4800/12000 (ETA: 90.5328 seconds)
Computing step 6000/12000 (ETA: 75.3585 seconds)
Computing step 7200/12000 (ETA: 60.2316 seconds)
Computing step 8400/12000 (ETA: 45.144 seconds)
Computing step 9600/12000 (ETA: 30.081 seconds)
Computing step 10800/12000 (ETA: 15.0349 seconds)
Error: Could not open output VTK manifest file 'example_inputs/simple/output/eta_simple.pvd'
Done: 150.304 seconds (204.642 MUpdates/s)
