Parameters:
 - grid spacing (dx, dy): 1.25 m, 1.25 m
 - time step (dt): 0.05 s
 - maximum time (max_t): 600 s
 - gravitational acceleration (g): 9.81 m/s^2
 - dissipation coefficient (gamma): 2e-05 1/s
 - source type: 1
 - sampling rate: 0
 - input bathymetry (h) file: 'example_inputs/simple/h_simple.dat'
 - output elevation (eta) file: 'example_inputs/simple/output/eta_simple'
 - output velocity (u, v) files: 'example_inputs/simple/output/u_simple', 'example_inputs/simple/output/v_simple'
 - 3200x3200 divided into 4x4 subdomains; grid size of rank 0: 1000 m x 1000 m (800 x 800 = 640000 grid points)
 - number of time steps: 12000
Computing step 1200/12000 (ETA: 18.1808 seconds)
Computing step 2400/12000 (ETA: 16.1536 seconds)
Computing step 3600/12000 (ETA: 14.1521 seconds)
Computing step 4800/12000 (ETA: 12.1235 seconds)
Computing step 6000/12000 (ETA: 10.0996 seconds)
Computing step 7200/12000 (ETA: 8.07927 seconds)
Computing step 8400/12000 (ETA: 6.05856 seconds)
Computing step 9600/12000 (ETA: 4.03864 seconds)
Computing step 10800/12000 (ETA: 2.01924 seconds)
Error: Could not open output VTK manifest file 'example_inputs/simple/output/eta_simple.pvd'
Done: 20.1917 seconds (381.306 MUpdates/s)
