Parameters:
 - grid spacing (dx, dy): 2.5 m, 2.5 m
 - time step (dt): 0.05 s
 - maximum time (max_t): 600 s
 - gravitational acceleration (g): 9.81 m/s^2
 - dissipation coefficient (gamma): 2e-05 1/s
 - source type: 1
 - sampling rate: 0
 - input bathymetry (h) file: 'example_inputs/simple/h_simple.dat'
 - output elevation (eta) file: 'example_inputs/simple/output/eta_simple'
 - output velocity (u, v) files: 'example_inputs/simple/output/u_simple', 'example_inputs/simple/output/v_simple'
 - 1600x1600 divided into 2x1 subdomains; grid size of rank 0: 2000 m x 4000 m (800 x 1600 = 1280000 grid points)
 - number of time steps: 12000
Computing step 1200/12000 (ETA: 33.8582 seconds)
Computing step 2400/12000 (ETA: 30.0457 seconds)
Computing step 3600/12000 (ETA: 26.2873 seconds)
Computing step 4800/12000 (ETA: 22.5344 seconds)
Computing step 6000/12000 (ETA: 18.7793 seconds)
Computing step 7200/12000 (ETA: 15.025 seconds)
Computing step 8400/12000 (ETA: 11.2701 seconds)
Computing step 9600/12000 (ETA: 7.51417 seconds)
Computing step 10800/12000 (ETA: 3.75721 seconds)
Error: Could not open output VTK manifest file 'example_inputs/simple/output/eta_simple.pvd'
Done: 37.5771 seconds (409.526 MUpdates/s)
