Parameters:
 - grid spacing (dx, dy): 1.25 m, 1.25 m
 - time step (dt): 0.05 s
 - maximum time (max_t): 600 s
 - gravitational acceleration (g): 9.81 m/s^2
 - dissipation coefficient (gamma): 2e-05 1/s
 - source type: 1
 - sampling rate: 0
 - input bathymetry (h) file: 'example_inputs/simple/h_simple.dat'
 - output elevation (eta) file: 'example_inputs/simple/output/eta_simple'
 - output velocity (u, v) files: 'example_inputs/simple/output/u_simple', 'example_inputs/simple/output/v_simple'
 - 3200x3200 divided into 4x2 subdomains; grid size of rank 0: 1000 m x 2000 m (800 x 1600 = 1280000 grid points)
 - number of time steps: 12000
Computing step 1200/12000 (ETA: 133.521 seconds)
Computing step 2400/12000 (ETA: 118.93 seconds)
Computing step 3600/12000 (ETA: 104.122 seconds)
Computing step 4800/12000 (ETA: 89.306 seconds)
Computing step 6000/12000 (ETA: 74.4516 seconds)
Computing step 7200/12000 (ETA: 59.5671 seconds)
Computing step 8400/12000 (ETA: 44.6851 seconds)
Computing step 9600/12000 (ETA: 29.795 seconds)
Computing step 10800/12000 (ETA: 14.8994 seconds)
Error: Could not open output VTK manifest file 'example_inputs/simple/output/eta_simple.pvd'
Done: 149.01 seconds (103.273 MUpdates/s)
