Parameters:
 - grid spacing (dx, dy): 2 m, 2 m
 - time step (dt): 0.05 s
 - maximum time (max_t): 2500 s
 - gravitational acceleration (g): 9.81 m/s^2
 - dissipation coefficient (gamma): 2e-05 1/s
 - source type: 1
 - sampling rate: 0
 - input bathymetry (h) file: 'example_inputs/simple/h_simple.dat'
 - output elevation (eta) file: 'example_inputs/simple/output/eta_simple'
 - output velocity (u, v) files: 'example_inputs/simple/output/u_simple', 'example_inputs/simple/output/v_simple'
 - 2000x2000 divided into 8x8 subdomains; grid size of rank 0: 520 m x 520 m (260 x 260 = 67600 grid points)
 - number of time steps: 50000
Computing step 5000/50000 (ETA: 5.87607 seconds)
Computing step 10000/50000 (ETA: 5.19111 seconds)
Computing step 15000/50000 (ETA: 4.53203 seconds)
Computing step 20000/50000 (ETA: 3.88048 seconds)
Computing step 25000/50000 (ETA: 3.23546 seconds)
Computing step 30000/50000 (ETA: 2.59535 seconds)
Computing step 35000/50000 (ETA: 1.94478 seconds)
Computing step 40000/50000 (ETA: 1.29566 seconds)
Computing step 45000/50000 (ETA: 0.647477 seconds)
Error: Could not open output VTK manifest file 'example_inputs/simple/output/eta_simple.pvd'
Done: 6.47207 seconds (526.269 MUpdates/s)
