Parameters:
 - grid spacing (dx, dy): 0.625 m, 0.625 m
 - time step (dt): 0.05 s
 - maximum time (max_t): 600 s
 - gravitational acceleration (g): 9.81 m/s^2
 - dissipation coefficient (gamma): 2e-05 1/s
 - source type: 1
 - sampling rate: 0
 - input bathymetry (h) file: 'example_inputs/simple/h_simple.dat'
 - output elevation (eta) file: 'example_inputs/simple/output/eta_simple'
 - output velocity (u, v) files: 'example_inputs/simple/output/u_simple', 'example_inputs/simple/output/v_simple'
 - 6400x6400 divided into 8x8 subdomains; grid size of rank 0: 520 m x 520 m (832 x 832 = 692224 grid points)
 - number of time steps: 12000
Computing step 1200/12000 (ETA: 139.307 seconds)
Computing step 2400/12000 (ETA: 123.521 seconds)
Computing step 3600/12000 (ETA: 108.565 seconds)
Computing step 4800/12000 (ETA: 93.0155 seconds)
Computing step 6000/12000 (ETA: 77.5069 seconds)
Computing step 7200/12000 (ETA: 62.0286 seconds)
Computing step 8400/12000 (ETA: 46.6427 seconds)
Computing step 9600/12000 (ETA: 31.0792 seconds)
Computing step 10800/12000 (ETA: 15.5337 seconds)
Error: Could not open output VTK manifest file 'example_inputs/simple/output/eta_simple.pvd'
Done: 155.285 seconds (53.6219 MUpdates/s)
